[2026-06-23T12:39:37.292716] Starting manual Facebook leads sync for last 7 days...
[2026-06-23T12:39:37.306946] Filtering leads submitted since Unix Timestamp: 1781593777
[2026-06-23T12:39:37.310311] Fetching forms from: https://graph.facebook.com/v20.0/1098376730014578/leadgen_forms
[2026-06-23T12:39:39.412862] Found 10 lead forms for Page.
[2026-06-23T12:39:39.412862] Fetching leads for form: Dropshipping Business - 18-6-26 (ID: 2219929278807525)
[2026-06-23T12:39:39.413867] Requesting leads page from: https://graph.facebook.com/v20.0/2219929278807525/leads...
[2026-06-23T12:39:40.661720] Retrieved 50 leads on this page for form: Dropshipping Business - 18-6-26
[2026-06-23T12:39:40.831326] Fetching leads for form: Meesho New Form - 11-5-26 (ID: 1522536432938978)
[2026-06-23T12:39:40.835934] Requesting leads page from: https://graph.facebook.com/v20.0/1522536432938978/leads...
[2026-06-23T12:39:42.038238] Retrieved 18 leads on this page for form: Meesho New Form - 11-5-26
[2026-06-23T12:39:42.140600] Fetching leads for form: SBCP - 10-5-26 (ID: 2485922311850815)
[2026-06-23T12:39:42.144669] Requesting leads page from: https://graph.facebook.com/v20.0/2485922311850815/leads...
[2026-06-23T12:39:42.547543] Retrieved 0 leads on this page for form: SBCP - 10-5-26
[2026-06-23T12:39:42.548525] Fetching leads for form: SBCP New Business - 10-5-26 (ID: 946853918243035)
[2026-06-23T12:39:42.548525] Requesting leads page from: https://graph.facebook.com/v20.0/946853918243035/leads...
[2026-06-23T12:39:42.977483] Retrieved 0 leads on this page for form: SBCP New Business - 10-5-26
[2026-06-23T12:39:42.977483] Fetching leads for form: Handbag Amazon.com New Form - 16-4-26 (ID: 2608959819506249)
[2026-06-23T12:39:42.977994] Requesting leads page from: https://graph.facebook.com/v20.0/2608959819506249/leads...
[2026-06-23T12:39:43.851686] Retrieved 4 leads on this page for form: Handbag Amazon.com New Form - 16-4-26
[2026-06-23T12:39:43.861954] Fetching leads for form: Handbag Amazon.in New Form - 16-4-26 (ID: 1351420173489768)
[2026-06-23T12:39:43.861954] Requesting leads page from: https://graph.facebook.com/v20.0/1351420173489768/leads...
[2026-06-23T12:39:44.795726] Retrieved 7 leads on this page for form: Handbag Amazon.in New Form - 16-4-26
[2026-06-23T12:39:44.849172] Fetching leads for form: Diamond Plan Form - 21-3-26 (ID: 947390654655091)
[2026-06-23T12:39:44.852279] Requesting leads page from: https://graph.facebook.com/v20.0/947390654655091/leads...
[2026-06-23T12:39:45.439266] Retrieved 0 leads on this page for form: Diamond Plan Form - 21-3-26
[2026-06-23T12:39:45.439798] Fetching leads for form: Handbag Meesho Form - 20-3-26 (ID: 1099100139048840)
[2026-06-23T12:39:45.439798] Requesting leads page from: https://graph.facebook.com/v20.0/1099100139048840/leads...
[2026-06-23T12:39:47.305643] Retrieved 100 leads on this page for form: Handbag Meesho Form - 20-3-26
[2026-06-23T12:39:47.557409] Requesting leads page from: https://graph.facebook.com/v25.0/1099100139048840/leads?limit=100&access_token=EAIEpLudBz50BR3gAusHvV5ZC4dX5MGWDki8GtaMS...
[2026-06-23T12:39:48.098454] Error fetching leads for form 1099100139048840: 400. Body: {"error":{"message":"An access token is required to request this resource.","type":"OAuthException","code":104,"fbtrace_id":"A-fZHs6CgrJRrzVzxHawNc7"}}
[2026-06-23T12:39:48.103543] Fetching leads for form: Handbag Amazon.in Form - 20-3-26 (ID: 1612584263129143)
[2026-06-23T12:39:48.106626] Requesting leads page from: https://graph.facebook.com/v20.0/1612584263129143/leads...
[2026-06-23T12:39:49.639754] Retrieved 100 leads on this page for form: Handbag Amazon.in Form - 20-3-26
[2026-06-23T12:39:49.911315] Requesting leads page from: https://graph.facebook.com/v25.0/1612584263129143/leads?limit=100&access_token=EAIEpLudBz50BR3gAusHvV5ZC4dX5MGWDki8GtaMS...
[2026-06-23T12:39:50.163061] Error fetching leads for form 1612584263129143: 400. Body: {"error":{"message":"An access token is required to request this resource.","type":"OAuthException","code":104,"fbtrace_id":"AF3L5vrIGgbA-RhiQIhuTeA"}}
[2026-06-23T12:39:50.163061] Fetching leads for form: Handbag Amazon.com Form - 20-3-26 (ID: 1385871176561531)
[2026-06-23T12:39:50.163061] Requesting leads page from: https://graph.facebook.com/v20.0/1385871176561531/leads...
[2026-06-23T12:39:51.453361] Retrieved 100 leads on this page for form: Handbag Amazon.com Form - 20-3-26
[2026-06-23T12:39:51.783760] Requesting leads page from: https://graph.facebook.com/v25.0/1385871176561531/leads?limit=100&access_token=EAIEpLudBz50BR3gAusHvV5ZC4dX5MGWDki8GtaMS...
[2026-06-23T12:39:52.039764] Error fetching leads for form 1385871176561531: 400. Body: {"error":{"message":"An access token is required to request this resource.","type":"OAuthException","code":104,"fbtrace_id":"A9DgoIsjg2LeC6G4ej2kHDU"}}
[2026-06-23T12:39:52.040764] Sync complete. Checked: 379, Imported: 0, Skipped: 379
[2026-06-23T12:41:45.629670] Starting manual Facebook leads sync for last all days...
[2026-06-23T12:41:45.631679] Fetching forms from: https://graph.facebook.com/v20.0/1098376730014578/leadgen_forms
[2026-06-23T12:41:46.963252] Found 10 lead forms for Page.
[2026-06-23T12:41:46.965267] Fetching leads for form: Dropshipping Business - 18-6-26 (ID: 2219929278807525)
[2026-06-23T12:41:46.965267] Requesting leads page from: https://graph.facebook.com/v20.0/2219929278807525/leads...
[2026-06-23T12:41:47.943922] Retrieved 50 leads on this page for form: Dropshipping Business - 18-6-26
[2026-06-23T12:41:48.154187] Fetching leads for form: Meesho New Form - 11-5-26 (ID: 1522536432938978)
[2026-06-23T12:41:48.158207] Requesting leads page from: https://graph.facebook.com/v20.0/1522536432938978/leads...
[2026-06-23T12:41:48.856859] Retrieved 18 leads on this page for form: Meesho New Form - 11-5-26
[2026-06-23T12:41:48.935421] Fetching leads for form: SBCP - 10-5-26 (ID: 2485922311850815)
[2026-06-23T12:41:48.935421] Requesting leads page from: https://graph.facebook.com/v20.0/2485922311850815/leads...
[2026-06-23T12:41:49.345286] Retrieved 0 leads on this page for form: SBCP - 10-5-26
[2026-06-23T12:41:49.345286] Fetching leads for form: SBCP New Business - 10-5-26 (ID: 946853918243035)
[2026-06-23T12:41:49.345286] Requesting leads page from: https://graph.facebook.com/v20.0/946853918243035/leads...
[2026-06-23T12:41:49.861602] Retrieved 0 leads on this page for form: SBCP New Business - 10-5-26
[2026-06-23T12:41:49.862601] Fetching leads for form: Handbag Amazon.com New Form - 16-4-26 (ID: 2608959819506249)
[2026-06-23T12:41:49.862601] Requesting leads page from: https://graph.facebook.com/v20.0/2608959819506249/leads...
[2026-06-23T12:41:50.383444] Retrieved 4 leads on this page for form: Handbag Amazon.com New Form - 16-4-26
[2026-06-23T12:41:50.387918] Fetching leads for form: Handbag Amazon.in New Form - 16-4-26 (ID: 1351420173489768)
[2026-06-23T12:41:50.387918] Requesting leads page from: https://graph.facebook.com/v20.0/1351420173489768/leads...
[2026-06-23T12:41:51.131217] Retrieved 7 leads on this page for form: Handbag Amazon.in New Form - 16-4-26
[2026-06-23T12:41:51.175121] Fetching leads for form: Diamond Plan Form - 21-3-26 (ID: 947390654655091)
[2026-06-23T12:41:51.176275] Requesting leads page from: https://graph.facebook.com/v20.0/947390654655091/leads...
[2026-06-23T12:41:51.530177] Retrieved 0 leads on this page for form: Diamond Plan Form - 21-3-26
[2026-06-23T12:41:51.530177] Fetching leads for form: Handbag Meesho Form - 20-3-26 (ID: 1099100139048840)
[2026-06-23T12:41:51.530730] Requesting leads page from: https://graph.facebook.com/v20.0/1099100139048840/leads...
[2026-06-23T12:41:52.302497] Retrieved 100 leads on this page for form: Handbag Meesho Form - 20-3-26
[2026-06-23T12:41:52.529524] Requesting leads page from: https://graph.facebook.com/v25.0/1099100139048840/leads?limit=100&access_token=EAIEpLudBz50BR3gAusHvV5ZC4dX5MGWDki8GtaMS...
[2026-06-23T12:41:52.788929] Error fetching leads for form 1099100139048840: 400. Body: {"error":{"message":"An access token is required to request this resource.","type":"OAuthException","code":104,"fbtrace_id":"AhJaV22-ASM26vWcVN4mW32"}}
[2026-06-23T12:41:52.790056] Fetching leads for form: Handbag Amazon.in Form - 20-3-26 (ID: 1612584263129143)
[2026-06-23T12:41:52.790056] Requesting leads page from: https://graph.facebook.com/v20.0/1612584263129143/leads...
[2026-06-23T12:41:53.594415] Retrieved 100 leads on this page for form: Handbag Amazon.in Form - 20-3-26
[2026-06-23T12:41:53.949736] Requesting leads page from: https://graph.facebook.com/v25.0/1612584263129143/leads?limit=100&access_token=EAIEpLudBz50BR3gAusHvV5ZC4dX5MGWDki8GtaMS...
[2026-06-23T12:41:54.217823] Error fetching leads for form 1612584263129143: 400. Body: {"error":{"message":"An access token is required to request this resource.","type":"OAuthException","code":104,"fbtrace_id":"ApKEAD1WGUi64pG3cx3YBP8"}}
[2026-06-23T12:41:54.220361] Fetching leads for form: Handbag Amazon.com Form - 20-3-26 (ID: 1385871176561531)
[2026-06-23T12:41:54.223308] Requesting leads page from: https://graph.facebook.com/v20.0/1385871176561531/leads...
[2026-06-23T12:41:55.303587] Retrieved 100 leads on this page for form: Handbag Amazon.com Form - 20-3-26
[2026-06-23T12:41:55.932303] Requesting leads page from: https://graph.facebook.com/v25.0/1385871176561531/leads?limit=100&access_token=EAIEpLudBz50BR3gAusHvV5ZC4dX5MGWDki8GtaMS...
[2026-06-23T12:41:56.202036] Error fetching leads for form 1385871176561531: 400. Body: {"error":{"message":"An access token is required to request this resource.","type":"OAuthException","code":104,"fbtrace_id":"At2vce9mcGiNkBXOg_cXEam"}}
[2026-06-23T12:41:56.203036] Sync complete. Checked: 379, Imported: 0, Skipped: 379
[2026-06-23T16:46:13.567793] Webhook verification request: mode=None, token=None, challenge=None
